#
# There is insufficient memory for the Java Runtime Environment to continue.
# Native memory allocation (mmap) failed to map 134217728 bytes for G1 virtual space
# Possible reasons:
#   The system is out of physical RAM or swap space
#   The process is running with CompressedOops enabled, and the Java Heap may be blocking the growth of the native heap
# Possible solutions:
#   Reduce memory load on the system
#   Increase physical memory or swap space
#   Check if swap backing store is full
#   Decrease Java heap size (-Xmx/-Xms)
#   Decrease number of Java threads
#   Decrease Java thread stack sizes (-Xss)
#   Set larger code cache with -XX:ReservedCodeCacheSize=
#   JVM is running with Unscaled Compressed Oops mode in which the Java heap is
#     placed in the first 4GB address space. The Java Heap base address is the
#     maximum limit for the native heap growth. Please use -XX:HeapBaseMinAddress
#     to set the Java Heap base and to place the Java Heap above 4GB virtual address.
# This output file may be truncated or incomplete.
#
#  Out of Memory Error (os_windows.cpp:3535), pid=15784, tid=6904
#
# JRE version:  (17.0.3+7) (build )
# Java VM: OpenJDK 64-Bit Server VM (17.0.3+7, mixed mode, sharing, tiered, compressed oops, compressed class ptrs, g1 gc, windows-amd64)
# No core dump will be written. Minidumps are not enabled by default on client versions of Windows
#

---------------  S U M M A R Y ------------

Command Line: -Dfile.encoding=UTF-8 --module-path=C:\Users\daniele.leandri\workspace\Programming2\bin -XX:+ShowCodeDetailsInExceptionMessages -Djdk.module.main=Programming2 Programming2/Unit2.SimpleRandomSentences

Host: Intel(R) Core(TM) i5-7500 CPU @ 3.40GHz, 4 cores, 7G,  Windows 10 , 64 bit Build 19041 (10.0.19041.1889)
Time: Tue Sep 13 13:29:20 2022 ora legale Europa occidentale elapsed time: 5.055266 seconds (0d 0h 0m 5s)

---------------  T H R E A D  ---------------

Current thread (0x000001cb5f10f1b0):  JavaThread "Unknown thread" [_thread_in_vm, id=6904, stack(0x000000c2c6f00000,0x000000c2c7000000)]

Stack: [0x000000c2c6f00000,0x000000c2c7000000]
Native frames: (J=compiled Java code, j=interpreted, Vv=VM code, C=native code)
V  [jvm.dll+0x675efa]
V  [jvm.dll+0x830a24]
V  [jvm.dll+0x8321ce]
V  [jvm.dll+0x832833]
V  [jvm.dll+0x2454b5]
V  [jvm.dll+0x672de9]
V  [jvm.dll+0x667732]
V  [jvm.dll+0x3043ab]
V  [jvm.dll+0x30b8f6]
V  [jvm.dll+0x35b62e]
V  [jvm.dll+0x35b85f]
V  [jvm.dll+0x2db248]
V  [jvm.dll+0x2dc1b4]
V  [jvm.dll+0x802651]
V  [jvm.dll+0x3693b1]
V  [jvm.dll+0x7e1aac]
V  [jvm.dll+0x3ebd8f]
V  [jvm.dll+0x3ed911]
C  [jli.dll+0x5277]
C  [ucrtbase.dll+0x21bb2]
C  [KERNEL32.DLL+0x17034]
C  [ntdll.dll+0x52651]


---------------  P R O C E S S  ---------------

Threads class SMR info:
_java_thread_list=0x00007ff9ba406e98, length=0, elements={
}

Java Threads: ( => current thread )

Other Threads:
  0x000001cb7628a910 GCTaskThread "GC Thread#0" [stack: 0x000000c2c7000000,0x000000c2c7100000] [id=4628]
  0x000001cb7629e480 ConcurrentGCThread "G1 Main Marker" [stack: 0x000000c2c7100000,0x000000c2c7200000] [id=15004]
  0x000001cb7629f8c0 ConcurrentGCThread "G1 Conc#0" [stack: 0x000000c2c7200000,0x000000c2c7300000] [id=13188]

[error occurred during error reporting (printing all threads), id 0xc0000005, EXCEPTION_ACCESS_VIOLATION (0xc0000005) at pc=0x00007ff9b9bdbcd7]

VM state: not at safepoint (not fully initialized)

VM Mutex/Monitor currently owned by a thread:  ([mutex/lock_event])
[0x000001cb5f10bf00] Heap_lock - owner thread: 0x000001cb5f10f1b0

Heap address: 0x0000000081a00000, size: 2022 MB, Compressed Oops mode: 32-bit

CDS archive(s) mapped at: [0x0000000000000000-0x0000000000000000-0x0000000000000000), size 0, SharedBaseAddress: 0x0000000800000000, ArchiveRelocationMode: 0.
Narrow klass base: 0x0000000000000000, Narrow klass shift: 0, Narrow klass range: 0x0

GC Precious Log:
<Empty>

Heap:
 garbage-first heap   total 0K, used 0K [0x0000000081a00000, 0x0000000100000000)
  region size 1024K, 0 young (0K), 0 survivors (0K)

[error occurred during error reporting (printing heap information), id 0xc0000005, EXCEPTION_ACCESS_VIOLATION (0xc0000005) at pc=0x00007ff9b9fbf249]

GC Heap History (0 events):
No events

Deoptimization events (0 events):
No events

Classes unloaded (0 events):
No events

Classes redefined (0 events):
No events

Internal exceptions (0 events):
No events

VM Operations (0 events):
No events

Events (1 events):
Event: 5.044 Loaded shared library C:\Users\daniele.leandri\Desktop\eclipse\plugins\org.eclipse.justj.openjdk.hotspot.jre.full.win32.x86_64_17.0.3.v20220515-1416\jre\bin\java.dll


Dynamic libraries:
0x00007ff796860000 - 0x00007ff79686e000 	C:\Users\daniele.leandri\Desktop\eclipse\plugins\org.eclipse.justj.openjdk.hotspot.jre.full.win32.x86_64_17.0.3.v20220515-1416\jre\bin\javaw.exe
0x00007ffa52610000 - 0x00007ffa52808000 	C:\windows\SYSTEM32\ntdll.dll
0x00007ffa50d20000 - 0x00007ffa50ddd000 	C:\windows\System32\KERNEL32.DLL
0x00007ffa50040000 - 0x00007ffa5030e000 	C:\windows\System32\KERNELBASE.dll
0x00007ffa503c0000 - 0x00007ffa504c0000 	C:\windows\System32\ucrtbase.dll
0x00007ffa48920000 - 0x00007ffa48938000 	C:\Users\daniele.leandri\Desktop\eclipse\plugins\org.eclipse.justj.openjdk.hotspot.jre.full.win32.x86_64_17.0.3.v20220515-1416\jre\bin\jli.dll
0x00007ffa4ae20000 - 0x00007ffa4ae39000 	C:\Users\daniele.leandri\Desktop\eclipse\plugins\org.eclipse.justj.openjdk.hotspot.jre.full.win32.x86_64_17.0.3.v20220515-1416\jre\bin\VCRUNTIME140.dll
0x00007ffa51010000 - 0x00007ffa511b0000 	C:\windows\System32\USER32.dll
0x00007ffa4fe40000 - 0x00007ffa4fe62000 	C:\windows\System32\win32u.dll
0x00007ffa51ac0000 - 0x00007ffa51aea000 	C:\windows\System32\GDI32.dll
0x00007ffa4fd30000 - 0x00007ffa4fe3b000 	C:\windows\System32\gdi32full.dll
0x00007ffa505a0000 - 0x00007ffa5063d000 	C:\windows\System32\msvcp_win.dll
0x00007ffa33c60000 - 0x00007ffa33efa000 	C:\windows\WinSxS\amd64_microsoft.windows.common-controls_6595b64144ccf1df_6.0.19041.1110_none_60b5254171f9507e\COMCTL32.dll
0x00007ffa51260000 - 0x00007ffa512fe000 	C:\windows\System32\msvcrt.dll
0x00007ffa51af0000 - 0x00007ffa51b20000 	C:\windows\System32\IMM32.DLL
0x00007ffa4aac0000 - 0x00007ffa4acc2000 	C:\windows\system32\tmumh\20019\AddOn\8.53.0.1128\TmUmEvt64.dll
0x00007ffa50f90000 - 0x00007ffa50f98000 	C:\windows\System32\PSAPI.DLL
0x00007ffa50670000 - 0x00007ffa5071e000 	C:\windows\System32\ADVAPI32.dll
0x00007ffa50720000 - 0x00007ffa507bc000 	C:\windows\System32\sechost.dll
0x00007ffa52090000 - 0x00007ffa521b5000 	C:\windows\System32\RPCRT4.dll
0x000000005d3c0000 - 0x000000005d530000 	C:\windows\system32\tmumh\20019\TmMon\2.8.0.1054\tmmon64.dll
0x00007ffa4ae10000 - 0x00007ffa4ae1c000 	C:\Users\daniele.leandri\Desktop\eclipse\plugins\org.eclipse.justj.openjdk.hotspot.jre.full.win32.x86_64_17.0.3.v20220515-1416\jre\bin\vcruntime140_1.dll
0x00007ffa315f0000 - 0x00007ffa31681000 	C:\Users\daniele.leandri\Desktop\eclipse\plugins\org.eclipse.justj.openjdk.hotspot.jre.full.win32.x86_64_17.0.3.v20220515-1416\jre\bin\msvcp140.dll
0x00007ff9b98f0000 - 0x00007ff9ba538000 	C:\Users\daniele.leandri\Desktop\eclipse\plugins\org.eclipse.justj.openjdk.hotspot.jre.full.win32.x86_64_17.0.3.v20220515-1416\jre\bin\server\jvm.dll
0x00007ffa3d810000 - 0x00007ffa3d819000 	C:\windows\SYSTEM32\WSOCK32.dll
0x00007ffa51a50000 - 0x00007ffa51abb000 	C:\windows\System32\WS2_32.dll
0x00007ffa342a0000 - 0x00007ffa342c7000 	C:\windows\SYSTEM32\WINMM.dll
0x00007ffa49750000 - 0x00007ffa4975a000 	C:\windows\SYSTEM32\VERSION.dll
0x000001cb5e4f0000 - 0x000001cb5e4f3000 	C:\windows\system32\Sfc.dll
0x00007ffa2ea30000 - 0x00007ffa2ea42000 	C:\windows\SYSTEM32\sfc_os.DLL
0x00007ffa51c20000 - 0x00007ffa5208f000 	C:\windows\System32\SETUPAPI.dll
0x00007ffa504c0000 - 0x00007ffa5050e000 	C:\windows\System32\cfgmgr32.dll
0x00007ffa50640000 - 0x00007ffa50667000 	C:\windows\System32\bcrypt.dll
0x00007ffa4e5e0000 - 0x00007ffa4e5f2000 	C:\windows\SYSTEM32\kernel.appcore.dll
0x00007ffa32f90000 - 0x00007ffa32f9a000 	C:\Users\daniele.leandri\Desktop\eclipse\plugins\org.eclipse.justj.openjdk.hotspot.jre.full.win32.x86_64_17.0.3.v20220515-1416\jre\bin\jimage.dll
0x00007ffa3d450000 - 0x00007ffa3d634000 	C:\windows\SYSTEM32\DBGHELP.DLL
0x00007ffa3d1e0000 - 0x00007ffa3d20c000 	C:\windows\SYSTEM32\dbgcore.DLL
0x00007ffa50510000 - 0x00007ffa50592000 	C:\windows\System32\bcryptPrimitives.dll
0x00007ffa315b0000 - 0x00007ffa315d5000 	C:\Users\daniele.leandri\Desktop\eclipse\plugins\org.eclipse.justj.openjdk.hotspot.jre.full.win32.x86_64_17.0.3.v20220515-1416\jre\bin\java.dll

dbghelp: loaded successfully - version: 4.0.5 - missing functions: none
symbol engine: initialized successfully - sym options: 0x614 - pdb path: .;C:\Users\daniele.leandri\Desktop\eclipse\plugins\org.eclipse.justj.openjdk.hotspot.jre.full.win32.x86_64_17.0.3.v20220515-1416\jre\bin;C:\windows\SYSTEM32;C:\windows\WinSxS\amd64_microsoft.windows.common-controls_6595b64144ccf1df_6.0.19041.1110_none_60b5254171f9507e;C:\windows\system32\tmumh\20019\AddOn\8.53.0.1128;C:\windows\system32\tmumh\20019\TmMon\2.8.0.1054;C:\Users\daniele.leandri\Desktop\eclipse\plugins\org.eclipse.justj.openjdk.hotspot.jre.full.win32.x86_64_17.0.3.v20220515-1416\jre\bin\server

VM Arguments:
jvm_args: -Dfile.encoding=UTF-8 --module-path=C:\Users\daniele.leandri\workspace\Programming2\bin -XX:+ShowCodeDetailsInExceptionMessages -Djdk.module.main=Programming2 
java_command: Programming2/Unit2.SimpleRandomSentences
java_class_path (initial): <not set>
Launcher Type: SUN_STANDARD

[Global flags]
     intx CICompilerCount                          = 3                                         {product} {ergonomic}
     uint ConcGCThreads                            = 1                                         {product} {ergonomic}
     uint G1ConcRefinementThreads                  = 4                                         {product} {ergonomic}
   size_t G1HeapRegionSize                         = 1048576                                   {product} {ergonomic}
    uintx GCDrainStackTargetSize                   = 64                                        {product} {ergonomic}
   size_t InitialHeapSize                          = 134217728                                 {product} {ergonomic}
   size_t MarkStackSize                            = 4194304                                   {product} {ergonomic}
   size_t MaxHeapSize                              = 2120220672                                {product} {ergonomic}
   size_t MinHeapDeltaBytes                        = 1048576                                   {product} {ergonomic}
   size_t MinHeapSize                              = 8388608                                   {product} {ergonomic}
    uintx NonNMethodCodeHeapSize                   = 5832780                                {pd product} {ergonomic}
    uintx NonProfiledCodeHeapSize                  = 122912730                              {pd product} {ergonomic}
    uintx ProfiledCodeHeapSize                     = 122912730                              {pd product} {ergonomic}
    uintx ReservedCodeCacheSize                    = 251658240                              {pd product} {ergonomic}
     bool SegmentedCodeCache                       = true                                      {product} {ergonomic}
     bool ShowCodeDetailsInExceptionMessages       = true                                   {manageable} {command line}
   size_t SoftMaxHeapSize                          = 2120220672                             {manageable} {ergonomic}
     bool UseCompressedClassPointers               = true                           {product lp64_product} {ergonomic}
     bool UseCompressedOops                        = true                           {product lp64_product} {ergonomic}
     bool UseG1GC                                  = true                                      {product} {ergonomic}
     bool UseLargePagesIndividualAllocation        = false                                  {pd product} {ergonomic}

Logging:
Log output configuration:
 #0: stdout all=warning uptime,level,tags
 #1: stderr all=off uptime,level,tags

Environment Variables:
PATH=C:/Users/daniele.leandri/Desktop/eclipse//plugins/org.eclipse.justj.openjdk.hotspot.jre.full.win32.x86_64_17.0.3.v20220515-1416/jre/bin/server;C:/Users/daniele.leandri/Desktop/eclipse//plugins/org.eclipse.justj.openjdk.hotspot.jre.full.win32.x86_64_17.0.3.v20220515-1416/jre/bin;C:\Program Files (x86)\Common Files\Oracle\Java\javapath;C:\windows\system32;C:\windows;C:\windows\System32\Wbem;C:\windows\System32\WindowsPowerShell\v1.0\;C:\windows\System32\OpenSSH\;C:\Program Files (x86)\Microsoft SQL Server\Client SDK\ODBC\130\Tools\Binn\;C:\Program Files (x86)\Microsoft SQL Server\140\Tools\Binn\;C:\Program Files (x86)\Microsoft SQL Server\140\DTS\Binn\;C:\Program Files (x86)\Microsoft SQL Server\140\Tools\Binn\ManagementStudio\;C:\Program Files\TortoiseGit\bin;C:\Program Files\Microsoft SQL Server\130\Tools\Binn\;C:\Program Files\Git\cmd;C:\Program Files (x86)\Microsoft SQL Server\110\DTS\Binn\;C:\Program Files (x86)\Microsoft SQL Server\120\DTS\Binn\;C:\Program Files (x86)\Microsoft SQL Server\130\DTS\Binn\;C:\Program Files (x86)\Microsoft SQL Server\150\DTS\Binn\;C:\Program Files\Microsoft SQL Server\Client SDK\ODBC\170\Tools\Binn\;C:\Program Files\dotnet\;C:\Program Files (x86)\Microsoft SQL Server\160\DTS\Binn\;C:\Users\daniele.leandri\AppData\Local\Microsoft\WindowsApps;C:\Users\daniele.leandri\.dotnet\tools;C:\Users\daniele.leandri\AppData\Local\Programs\Microsoft VS Code\bin;C:\Users\daniele.leandri\Desktop\eclipse;
USERNAME=daniele.leandri
OS=Windows_NT
PROCESSOR_IDENTIFIER=Intel64 Family 6 Model 158 Stepping 9, GenuineIntel



---------------  S Y S T E M  ---------------

OS:
 Windows 10 , 64 bit Build 19041 (10.0.19041.1889)
OS uptime: 0 days 5:04 hours

CPU: total 4 (initial active 4) (4 cores per cpu, 1 threads per core) family 6 model 158 stepping 9 microcode 0xea, cx8, cmov, fxsr, mmx, 3dnowpref, sse, sse2, sse3, ssse3, sse4.1, sse4.2, popcnt, lzcnt, tsc, tscinvbit, avx, avx2, aes, erms, clmul, bmi1, bmi2, rtm, adx, fma, vzeroupper, clflush, clflushopt

Memory: 4k page, system-wide physical 8083M (1893M free)
TotalPageFile size 32659M (AvailPageFile size 45M)
current process WorkingSet (physical memory assigned to process): 14M, peak: 14M
current process commit charge ("private bytes"): 55M, peak: 183M

vm_info: OpenJDK 64-Bit Server VM (17.0.3+7) for windows-amd64 JRE (17.0.3+7), built on Apr 19 2022 16:55:35 by "" with MS VC++ 16.7 (VS2019)

END.
